#
# There is insufficient memory for the Java Runtime Environment to continue.
# Native memory allocation (malloc) failed to allocate 1219696 bytes. Error detail: Chunk::new
# Possible reasons:
#   The system is out of physical RAM or swap space
#   This process is running with CompressedOops enabled, and the Java Heap may be blocking the growth of the native heap
# Possible solutions:
#   Reduce memory load on the system
#   Increase physical memory or swap space
#   Check if swap backing store is full
#   Decrease Java heap size (-Xmx/-Xms)
#   Decrease number of Java threads
#   Decrease Java thread stack sizes (-Xss)
#   Set larger code cache with -XX:ReservedCodeCacheSize=
#   JVM is running with Unscaled Compressed Oops mode in which the Java heap is
#     placed in the first 4GB address space. The Java Heap base address is the
#     maximum limit for the native heap growth. Please use -XX:HeapBaseMinAddress
#     to set the Java Heap base and to place the Java Heap above 4GB virtual address.
# This output file may be truncated or incomplete.
#
#  Out of Memory Error (arena.cpp:149), pid=16708, tid=16760
#
# JRE version: Java(TM) SE Runtime Environment (23.0+37) (build 23+37-2369)
# Java VM: Java HotSpot(TM) 64-Bit Server VM (23+37-2369, mixed mode, sharing, tiered, compressed oops, compressed class ptrs, g1 gc, windows-amd64)
# No core dump will be written. Minidumps are not enabled by default on client versions of Windows
#

---------------  S U M M A R Y ------------

Command Line: -javaagent:C:\Program Files\JetBrains\IntelliJ IDEA Community Edition 2024.2.3\lib\idea_rt.jar=53751:C:\Program Files\JetBrains\IntelliJ IDEA Community Edition 2024.2.3\bin -Dfile.encoding=UTF-8 -Dsun.stdout.encoding=UTF-8 -Dsun.stderr.encoding=UTF-8 com.crm.CrmApplication

Host: Intel(R) Core(TM) i3-7100U CPU @ 2.40GHz, 4 cores, 3G,  Windows 10 , 64 bit Build 19041 (10.0.19041.4957)
Time: Mon Nov 11 11:21:36 2024 India Standard Time elapsed time: 14.944858 seconds (0d 0h 0m 14s)

---------------  T H R E A D  ---------------

Current thread (0x0000022537de75b0):  JavaThread "C2 CompilerThread0" daemon [_thread_in_native, id=16760, stack(0x0000006c5e700000,0x0000006c5e800000) (1024K)]


Current CompileTask:
C2:14945 5847   !   4       org.springframework.util.ReflectionUtils::doWithMethods (186 bytes)

Stack: [0x0000006c5e700000,0x0000006c5e800000]
Native frames: (J=compiled Java code, j=interpreted, Vv=VM code, C=native code)
V  [jvm.dll+0x6e08a9]  (no source info available)
V  [jvm.dll+0x87da63]  (no source info available)
V  [jvm.dll+0x87feee]  (no source info available)
V  [jvm.dll+0x8805c3]  (no source info available)
V  [jvm.dll+0x27aee6]  (no source info available)
V  [jvm.dll+0xbc06f]  (no source info available)
V  [jvm.dll+0xbc2cb]  (no source info available)
V  [jvm.dll+0x3b3a9c]  (no source info available)
V  [jvm.dll+0x1dc39e]  (no source info available)
V  [jvm.dll+0x244be5]  (no source info available)
V  [jvm.dll+0x243dff]  (no source info available)
V  [jvm.dll+0x1c33a0]  (no source info available)
V  [jvm.dll+0x253cf1]  (no source info available)
V  [jvm.dll+0x251faa]  (no source info available)
V  [jvm.dll+0x3ee036]  (no source info available)
V  [jvm.dll+0x824f1b]  (no source info available)
V  [jvm.dll+0x6df055]  (no source info available)
C  [ucrtbase.dll+0x21bb2]  (no source info available)
C  [KERNEL32.DLL+0x17374]  (no source info available)
C  [ntdll.dll+0x4cc91]  (no source info available)

Lock stack of current Java thread (top to bottom):


---------------  P R O C E S S  ---------------

Threads class SMR info:
_java_thread_list=0x0000022500258f90, length=32, elements={
0x0000022537dcb5a0, 0x0000022537dcd370, 0x0000022537dd5a20, 0x0000022537dd8490,
0x0000022537ddcf10, 0x0000022537dded70, 0x0000022537de75b0, 0x0000022537dec090,
0x0000022537de0e40, 0x0000022537ddd9c0, 0x0000022537dde050, 0x000002257f31e180,
0x000002257f31ad00, 0x000002257f317880, 0x000002257f31b390, 0x000002257f3185a0,
0x000002257f319fe0, 0x000002257f318c30, 0x000002257f31c0b0, 0x000002257f31daf0,
0x000002257f31e810, 0x000002257f31cdd0, 0x000002257f3192c0, 0x000002257f31ba20,
0x0000022500dc0990, 0x0000022500dbe230, 0x0000022500dbef50, 0x0000022500dbfc70,
0x0000022500dbc160, 0x0000022500dbbad0, 0x0000022500dc0300, 0x0000022500dc1020
}

Java Threads: ( => current thread )
  0x0000022537dcb5a0 JavaThread "Reference Handler"          daemon [_thread_blocked, id=18060, stack(0x0000006c5e100000,0x0000006c5e200000) (1024K)]
  0x0000022537dcd370 JavaThread "Finalizer"                  daemon [_thread_blocked, id=17168, stack(0x0000006c5e200000,0x0000006c5e300000) (1024K)]
  0x0000022537dd5a20 JavaThread "Signal Dispatcher"          daemon [_thread_blocked, id=14968, stack(0x0000006c5e300000,0x0000006c5e400000) (1024K)]
  0x0000022537dd8490 JavaThread "Attach Listener"            daemon [_thread_blocked, id=20180, stack(0x0000006c5e400000,0x0000006c5e500000) (1024K)]
  0x0000022537ddcf10 JavaThread "Service Thread"             daemon [_thread_blocked, id=1636, stack(0x0000006c5e500000,0x0000006c5e600000) (1024K)]
  0x0000022537dded70 JavaThread "Monitor Deflation Thread"   daemon [_thread_blocked, id=388, stack(0x0000006c5e600000,0x0000006c5e700000) (1024K)]
=>0x0000022537de75b0 JavaThread "C2 CompilerThread0"         daemon [_thread_in_native, id=16760, stack(0x0000006c5e700000,0x0000006c5e800000) (1024K)]
  0x0000022537dec090 JavaThread "C1 CompilerThread0"         daemon [_thread_blocked, id=16500, stack(0x0000006c5e800000,0x0000006c5e900000) (1024K)]
  0x0000022537de0e40 JavaThread "Common-Cleaner"             daemon [_thread_blocked, id=8724, stack(0x0000006c5e900000,0x0000006c5ea00000) (1024K)]
  0x0000022537ddd9c0 JavaThread "Monitor Ctrl-Break"         daemon [_thread_in_native, id=13400, stack(0x0000006c5ea00000,0x0000006c5eb00000) (1024K)]
  0x0000022537dde050 JavaThread "Notification Thread"        daemon [_thread_blocked, id=17776, stack(0x0000006c5eb00000,0x0000006c5ec00000) (1024K)]
  0x000002257f31e180 JavaThread "Catalina-utility-1"                [_thread_blocked, id=9404, stack(0x0000006c5f100000,0x0000006c5f200000) (1024K)]
  0x000002257f31ad00 JavaThread "Catalina-utility-2"                [_thread_blocked, id=13768, stack(0x0000006c5f200000,0x0000006c5f300000) (1024K)]
  0x000002257f317880 JavaThread "container-0"                       [_thread_blocked, id=14256, stack(0x0000006c5f300000,0x0000006c5f400000) (1024K)]
  0x000002257f31b390 JavaThread "mysql-cj-abandoned-connection-cleanup" daemon [_thread_blocked, id=13520, stack(0x0000006c5f400000,0x0000006c5f500000) (1024K)]
  0x000002257f3185a0 JavaThread "HikariPool-1 housekeeper"   daemon [_thread_blocked, id=14184, stack(0x0000006c5f600000,0x0000006c5f700000) (1024K)]
  0x000002257f319fe0 JavaThread "HikariPool-1 connection adder" daemon [_thread_blocked, id=17420, stack(0x0000006c5f700000,0x0000006c5f800000) (1024K)]
  0x000002257f318c30 JavaThread "File Watcher"               daemon [_thread_blocked, id=7312, stack(0x0000006c5f800000,0x0000006c5f900000) (1024K)]
  0x000002257f31c0b0 JavaThread "Live Reload Server"         daemon [_thread_in_native, id=18468, stack(0x0000006c5fa00000,0x0000006c5fb00000) (1024K)]
  0x000002257f31daf0 JavaThread "http-nio-8080-exec-1"       daemon [_thread_blocked, id=13600, stack(0x0000006c5f900000,0x0000006c5fa00000) (1024K)]
  0x000002257f31e810 JavaThread "http-nio-8080-exec-2"       daemon [_thread_blocked, id=15664, stack(0x0000006c5fb00000,0x0000006c5fc00000) (1024K)]
  0x000002257f31cdd0 JavaThread "http-nio-8080-exec-3"       daemon [_thread_blocked, id=14148, stack(0x0000006c5fc00000,0x0000006c5fd00000) (1024K)]
  0x000002257f3192c0 JavaThread "http-nio-8080-exec-4"       daemon [_thread_blocked, id=3620, stack(0x0000006c5fd00000,0x0000006c5fe00000) (1024K)]
  0x000002257f31ba20 JavaThread "http-nio-8080-exec-5"       daemon [_thread_blocked, id=5660, stack(0x0000006c5fe00000,0x0000006c5ff00000) (1024K)]
  0x0000022500dc0990 JavaThread "http-nio-8080-exec-6"       daemon [_thread_blocked, id=6332, stack(0x0000006c5ff00000,0x0000006c60000000) (1024K)]
  0x0000022500dbe230 JavaThread "http-nio-8080-exec-7"       daemon [_thread_blocked, id=15136, stack(0x0000006c60000000,0x0000006c60100000) (1024K)]
  0x0000022500dbef50 JavaThread "http-nio-8080-exec-8"       daemon [_thread_blocked, id=20160, stack(0x0000006c60100000,0x0000006c60200000) (1024K)]
  0x0000022500dbfc70 JavaThread "http-nio-8080-exec-9"       daemon [_thread_blocked, id=19332, stack(0x0000006c60200000,0x0000006c60300000) (1024K)]
  0x0000022500dbc160 JavaThread "http-nio-8080-exec-10"      daemon [_thread_blocked, id=13832, stack(0x0000006c60300000,0x0000006c60400000) (1024K)]
  0x0000022500dbbad0 JavaThread "http-nio-8080-Poller"       daemon [_thread_in_native, id=8292, stack(0x0000006c60400000,0x0000006c60500000) (1024K)]
  0x0000022500dc0300 JavaThread "http-nio-8080-Acceptor"     daemon [_thread_in_native, id=8148, stack(0x0000006c60500000,0x0000006c60600000) (1024K)]
  0x0000022500dc1020 JavaThread "DestroyJavaVM"                     [_thread_blocked, id=14536, stack(0x0000006c5d900000,0x0000006c5da00000) (1024K)]
Total: 32

Other Threads:
  0x000002251ce57c60 VMThread "VM Thread"                           [id=7340, stack(0x0000006c5e000000,0x0000006c5e100000) (1024K)]
  0x000002251ce4a910 WatcherThread "VM Periodic Task Thread"        [id=716, stack(0x0000006c5df00000,0x0000006c5e000000) (1024K)]
  0x000002251cdd08a0 WorkerThread "GC Thread#0"                     [id=9984, stack(0x0000006c5da00000,0x0000006c5db00000) (1024K)]
  0x000002257d88a710 WorkerThread "GC Thread#1"                     [id=18540, stack(0x0000006c5ec00000,0x0000006c5ed00000) (1024K)]
  0x000002257db6ea50 WorkerThread "GC Thread#2"                     [id=18188, stack(0x0000006c5ed00000,0x0000006c5ee00000) (1024K)]
  0x000002257db6ee00 WorkerThread "GC Thread#3"                     [id=12740, stack(0x0000006c5ee00000,0x0000006c5ef00000) (1024K)]
  0x000002251cddb640 ConcurrentGCThread "G1 Main Marker"            [id=8544, stack(0x0000006c5db00000,0x0000006c5dc00000) (1024K)]
  0x000002251cddc8f0 WorkerThread "G1 Conc#0"                       [id=13688, stack(0x0000006c5dc00000,0x0000006c5dd00000) (1024K)]
  0x000002251ce38f90 ConcurrentGCThread "G1 Refine#0"               [id=10288, stack(0x0000006c5dd00000,0x0000006c5de00000) (1024K)]
  0x000002251ce3aa30 ConcurrentGCThread "G1 Service"                [id=18448, stack(0x0000006c5de00000,0x0000006c5df00000) (1024K)]
Total: 10

Threads with active compile tasks:
C2 CompilerThread0  15151 5847   !   4       org.springframework.util.ReflectionUtils::doWithMethods (186 bytes)
Total: 1

VM state: not at safepoint (normal execution)

VM Mutex/Monitor currently owned by a thread: None

Heap address: 0x00000000c1c00000, size: 996 MB, Compressed Oops mode: 32-bit

CDS archive(s) mapped at: [0x0000022538000000-0x0000022538d70000-0x0000022538d70000), size 14090240, SharedBaseAddress: 0x0000022538000000, ArchiveRelocationMode: 1.
Compressed class space mapped at: 0x0000022539000000-0x0000022579000000, reserved size: 1073741824
Narrow klass base: 0x0000022538000000, Narrow klass shift: 0, Narrow klass range: 0x41000000

GC Precious Log:
 CardTable entry size: 512
 Card Set container configuration: InlinePtr #cards 5 size 8 Array Of Cards #cards 10 size 36 Howl #buckets 4 coarsen threshold 1843 Howl Bitmap #cards 512 size 80 coarsen threshold 460 Card regions per heap region 1 cards per card region 2048
 CPUs: 4 total, 4 available
 Memory: 3983M
 Large Page Support: Disabled
 NUMA Support: Disabled
 Compressed Oops: Enabled (32-bit)
 Heap Region Size: 1M
 Heap Min Capacity: 8M
 Heap Initial Capacity: 64M
 Heap Max Capacity: 996M
 Pre-touch: Disabled
 Parallel Workers: 4
 Concurrent Workers: 1
 Concurrent Refinement Workers: 4
 Periodic GC: Disabled

Heap:
 garbage-first heap   total reserved 1019904K, committed 58368K, used 44725K [0x00000000c1c00000, 0x0000000100000000)
  region size 1024K, 21 young (21504K), 3 survivors (3072K)
 Metaspace       used 64505K, committed 65216K, reserved 1114112K
  class space    used 8841K, committed 9152K, reserved 1048576K

Heap Regions: E=young(eden), S=young(survivor), O=old, HS=humongous(starts), HC=humongous(continues), CS=collection set, F=free, TAMS=top-at-mark-start, PB=parsable bottom
|   0|0x00000000c1c00000, 0x00000000c1d00000, 0x00000000c1d00000|100%|HS|  |TAMS 0x00000000c1c00000| PB 0x00000000c1c00000| Complete |  0
|   1|0x00000000c1d00000, 0x00000000c1e00000, 0x00000000c1e00000|100%| O|  |TAMS 0x00000000c1d00000| PB 0x00000000c1d00000| Untracked |  0
|   2|0x00000000c1e00000, 0x00000000c1f00000, 0x00000000c1f00000|100%| O|  |TAMS 0x00000000c1e00000| PB 0x00000000c1e00000| Untracked |  0
|   3|0x00000000c1f00000, 0x00000000c2000000, 0x00000000c2000000|100%| O|  |TAMS 0x00000000c1f00000| PB 0x00000000c1f00000| Untracked |  0
|   4|0x00000000c2000000, 0x00000000c2100000, 0x00000000c2100000|100%| O|  |TAMS 0x00000000c2000000| PB 0x00000000c2000000| Untracked |  0
|   5|0x00000000c2100000, 0x00000000c2200000, 0x00000000c2200000|100%| O|  |TAMS 0x00000000c2100000| PB 0x00000000c2100000| Untracked |  0
|   6|0x00000000c2200000, 0x00000000c2300000, 0x00000000c2300000|100%| O|  |TAMS 0x00000000c2200000| PB 0x00000000c2200000| Untracked |  0
|   7|0x00000000c2300000, 0x00000000c2400000, 0x00000000c2400000|100%| O|  |TAMS 0x00000000c2300000| PB 0x00000000c2300000| Untracked |  0
|   8|0x00000000c2400000, 0x00000000c2500000, 0x00000000c2500000|100%| O|  |TAMS 0x00000000c2400000| PB 0x00000000c2400000| Untracked |  0
|   9|0x00000000c2500000, 0x00000000c2600000, 0x00000000c2600000|100%| O|  |TAMS 0x00000000c2500000| PB 0x00000000c2500000| Untracked |  0
|  10|0x00000000c2600000, 0x00000000c2700000, 0x00000000c2700000|100%| O|  |TAMS 0x00000000c2600000| PB 0x00000000c2600000| Untracked |  0
|  11|0x00000000c2700000, 0x00000000c2800000, 0x00000000c2800000|100%| O|  |TAMS 0x00000000c2700000| PB 0x00000000c2700000| Untracked |  0
|  12|0x00000000c2800000, 0x00000000c2900000, 0x00000000c2900000|100%| O|  |TAMS 0x00000000c2800000| PB 0x00000000c2800000| Untracked |  0
|  13|0x00000000c2900000, 0x00000000c2a00000, 0x00000000c2a00000|100%| O|  |TAMS 0x00000000c2900000| PB 0x00000000c2900000| Untracked |  0
|  14|0x00000000c2a00000, 0x00000000c2b00000, 0x00000000c2b00000|100%| O|  |TAMS 0x00000000c2a00000| PB 0x00000000c2a00000| Untracked |  0
|  15|0x00000000c2b00000, 0x00000000c2c00000, 0x00000000c2c00000|100%| O|  |TAMS 0x00000000c2b00000| PB 0x00000000c2b00000| Untracked |  0
|  16|0x00000000c2c00000, 0x00000000c2d00000, 0x00000000c2d00000|100%| O|  |TAMS 0x00000000c2c00000| PB 0x00000000c2c00000| Untracked |  0
|  17|0x00000000c2d00000, 0x00000000c2e00000, 0x00000000c2e00000|100%| O|  |TAMS 0x00000000c2d00000| PB 0x00000000c2d00000| Untracked |  0
|  18|0x00000000c2e00000, 0x00000000c2f00000, 0x00000000c2f00000|100%| O|  |TAMS 0x00000000c2e00000| PB 0x00000000c2e00000| Untracked |  0
|  19|0x00000000c2f00000, 0x00000000c3000000, 0x00000000c3000000|100%| O|  |TAMS 0x00000000c2f00000| PB 0x00000000c2f00000| Untracked |  0
|  20|0x00000000c3000000, 0x00000000c3100000, 0x00000000c3100000|100%| O|  |TAMS 0x00000000c3000000| PB 0x00000000c3000000| Untracked |  0
|  21|0x00000000c3100000, 0x00000000c3200000, 0x00000000c3200000|100%| O|Cm|TAMS 0x00000000c3100000| PB 0x00000000c3100000| Complete |  0
|  22|0x00000000c3200000, 0x00000000c3300000, 0x00000000c3300000|100%| O|  |TAMS 0x00000000c3200000| PB 0x00000000c3200000| Untracked |  0
|  23|0x00000000c3300000, 0x00000000c3400000, 0x00000000c3400000|100%| O|  |TAMS 0x00000000c3300000| PB 0x00000000c3300000| Untracked |  0
|  24|0x00000000c3400000, 0x00000000c3498898, 0x00000000c3500000| 59%| O|  |TAMS 0x00000000c3400000| PB 0x00000000c3400000| Untracked |  0
|  25|0x00000000c3500000, 0x00000000c3500000, 0x00000000c3600000|  0%| F|  |TAMS 0x00000000c3500000| PB 0x00000000c3500000| Untracked |  0
|  26|0x00000000c3600000, 0x00000000c3614d98, 0x00000000c3700000|  8%| S|CS|TAMS 0x00000000c3600000| PB 0x00000000c3600000| Complete |  0
|  27|0x00000000c3700000, 0x00000000c3800000, 0x00000000c3800000|100%| S|CS|TAMS 0x00000000c3700000| PB 0x00000000c3700000| Complete |  0
|  28|0x00000000c3800000, 0x00000000c3900000, 0x00000000c3900000|100%| S|CS|TAMS 0x00000000c3800000| PB 0x00000000c3800000| Complete |  0
|  29|0x00000000c3900000, 0x00000000c3900000, 0x00000000c3a00000|  0%| F|  |TAMS 0x00000000c3900000| PB 0x00000000c3900000| Untracked |  0
|  30|0x00000000c3a00000, 0x00000000c3a00000, 0x00000000c3b00000|  0%| F|  |TAMS 0x00000000c3a00000| PB 0x00000000c3a00000| Untracked |  0
|  31|0x00000000c3b00000, 0x00000000c3b00000, 0x00000000c3c00000|  0%| F|  |TAMS 0x00000000c3b00000| PB 0x00000000c3b00000| Untracked |  0
|  32|0x00000000c3c00000, 0x00000000c3c00000, 0x00000000c3d00000|  0%| F|  |TAMS 0x00000000c3c00000| PB 0x00000000c3c00000| Untracked |  0
|  33|0x00000000c3d00000, 0x00000000c3d00000, 0x00000000c3e00000|  0%| F|  |TAMS 0x00000000c3d00000| PB 0x00000000c3d00000| Untracked |  0
|  34|0x00000000c3e00000, 0x00000000c3e00000, 0x00000000c3f00000|  0%| F|  |TAMS 0x00000000c3e00000| PB 0x00000000c3e00000| Untracked |  0
|  35|0x00000000c3f00000, 0x00000000c3f00000, 0x00000000c4000000|  0%| F|  |TAMS 0x00000000c3f00000| PB 0x00000000c3f00000| Untracked |  0
|  36|0x00000000c4000000, 0x00000000c4000000, 0x00000000c4100000|  0%| F|  |TAMS 0x00000000c4000000| PB 0x00000000c4000000| Untracked |  0
|  37|0x00000000c4100000, 0x00000000c4100000, 0x00000000c4200000|  0%| F|  |TAMS 0x00000000c4100000| PB 0x00000000c4100000| Untracked |  0
|  38|0x00000000c4200000, 0x00000000c4200000, 0x00000000c4300000|  0%| F|  |TAMS 0x00000000c4200000| PB 0x00000000c4200000| Untracked |  0
|  39|0x00000000c4300000, 0x00000000c431c300, 0x00000000c4400000| 11%| E|  |TAMS 0x00000000c4300000| PB 0x00000000c4300000| Complete |  0
|  40|0x00000000c4400000, 0x00000000c4500000, 0x00000000c4500000|100%| E|CS|TAMS 0x00000000c4400000| PB 0x00000000c4400000| Complete |  0
|  41|0x00000000c4500000, 0x00000000c4600000, 0x00000000c4600000|100%| E|CS|TAMS 0x00000000c4500000| PB 0x00000000c4500000| Complete |  0
|  42|0x00000000c4600000, 0x00000000c4700000, 0x00000000c4700000|100%| E|CS|TAMS 0x00000000c4600000| PB 0x00000000c4600000| Complete |  0
|  43|0x00000000c4700000, 0x00000000c4800000, 0x00000000c4800000|100%| E|CS|TAMS 0x00000000c4700000| PB 0x00000000c4700000| Complete |  0
|  44|0x00000000c4800000, 0x00000000c4900000, 0x00000000c4900000|100%| E|CS|TAMS 0x00000000c4800000| PB 0x00000000c4800000| Complete |  0
|  45|0x00000000c4900000, 0x00000000c4a00000, 0x00000000c4a00000|100%| E|CS|TAMS 0x00000000c4900000| PB 0x00000000c4900000| Complete |  0
|  46|0x00000000c4a00000, 0x00000000c4b00000, 0x00000000c4b00000|100%| E|CS|TAMS 0x00000000c4a00000| PB 0x00000000c4a00000| Complete |  0
|  47|0x00000000c4b00000, 0x00000000c4c00000, 0x00000000c4c00000|100%| E|CS|TAMS 0x00000000c4b00000| PB 0x00000000c4b00000| Complete |  0
|  48|0x00000000c4c00000, 0x00000000c4d00000, 0x00000000c4d00000|100%| E|CS|TAMS 0x00000000c4c00000| PB 0x00000000c4c00000| Complete |  0
|  49|0x00000000c4d00000, 0x00000000c4e00000, 0x00000000c4e00000|100%| E|CS|TAMS 0x00000000c4d00000| PB 0x00000000c4d00000| Complete |  0
|  50|0x00000000c4e00000, 0x00000000c4f00000, 0x00000000c4f00000|100%| E|CS|TAMS 0x00000000c4e00000| PB 0x00000000c4e00000| Complete |  0
|  51|0x00000000c4f00000, 0x00000000c5000000, 0x00000000c5000000|100%| E|CS|TAMS 0x00000000c4f00000| PB 0x00000000c4f00000| Complete |  0
|  52|0x00000000c5000000, 0x00000000c5100000, 0x00000000c5100000|100%| E|CS|TAMS 0x00000000c5000000| PB 0x00000000c5000000| Complete |  0
|  53|0x00000000c5100000, 0x00000000c5200000, 0x00000000c5200000|100%| E|CS|TAMS 0x00000000c5100000| PB 0x00000000c5100000| Complete |  0
|  54|0x00000000c5200000, 0x00000000c5300000, 0x00000000c5300000|100%| E|CS|TAMS 0x00000000c5200000| PB 0x00000000c5200000| Complete |  0
|  55|0x00000000c5300000, 0x00000000c5400000, 0x00000000c5400000|100%| E|CS|TAMS 0x00000000c5300000| PB 0x00000000c5300000| Complete |  0
|  63|0x00000000c5b00000, 0x00000000c5c00000, 0x00000000c5c00000|100%| E|CS|TAMS 0x00000000c5b00000| PB 0x00000000c5b00000| Complete |  0

Card table byte_map: [0x00000225346d0000,0x00000225348d0000] _byte_map_base: 0x00000225340c2000

Marking Bits: (CMBitMap*) 0x000002251cdd0fb0
 Bits: [0x00000225348d0000, 0x0000022535860000)

Polling page: 0x000002251ac20000

Metaspace:

Usage:
  Non-class:     54.36 MB used.
      Class:      8.63 MB used.
       Both:     62.99 MB used.

Virtual space:
  Non-class space:       64.00 MB reserved,      54.75 MB ( 86%) committed,  1 nodes.
      Class space:        1.00 GB reserved,       8.94 MB ( <1%) committed,  1 nodes.
             Both:        1.06 GB reserved,      63.69 MB (  6%) committed. 

Chunk freelists:
   Non-Class:  8.47 MB
       Class:  7.04 MB
        Both:  15.50 MB

MaxMetaspaceSize: unlimited
CompressedClassSpaceSize: 1.00 GB
Initial GC threshold: 21.00 MB
Current GC threshold: 99.69 MB
CDS: on
 - commit_granule_bytes: 65536.
 - commit_granule_words: 8192.
 - virtual_space_node_default_size: 8388608.
 - enlarge_chunks_in_place: 1.
 - use_allocation_guard: 0.


Internal statistics:

num_allocs_failed_limit: 14.
num_arena_births: 832.
num_arena_deaths: 0.
num_vsnodes_births: 2.
num_vsnodes_deaths: 0.
num_space_committed: 1019.
num_space_uncommitted: 0.
num_chunks_returned_to_freelist: 14.
num_chunks_taken_from_freelist: 3012.
num_chunk_merges: 14.
num_chunk_splits: 2156.
num_chunks_enlarged: 1662.
num_inconsistent_stats: 0.

CodeHeap 'non-profiled nmethods': size=120064Kb used=2068Kb max_used=2068Kb free=117995Kb
 bounds [0x000002252cf90000, 0x000002252d200000, 0x00000225344d0000]
CodeHeap 'profiled nmethods': size=120000Kb used=8064Kb max_used=8064Kb free=111935Kb
 bounds [0x00000225254d0000, 0x0000022525cc0000, 0x000002252ca00000]
CodeHeap 'non-nmethods': size=5696Kb used=1688Kb max_used=1750Kb free=4007Kb
 bounds [0x000002252ca00000, 0x000002252cc70000, 0x000002252cf90000]
CodeCache: size=245760Kb, used=11820Kb, max_used=11882Kb, free=233937Kb
 total_blobs=6168, nmethods=5432, adapters=641, full_count=0
Compilation: enabled, stopped_count=0, restarted_count=0

Compilation events (20 events):
Event: 14.912 Thread 0x0000022537dec090 6027       2       org.springframework.beans.TypeConverterSupport::<init> (5 bytes)
Event: 14.912 Thread 0x0000022537dec090 nmethod 6027 0x0000022525c9a288 code [0x0000022525c9a3a0, 0x0000022525c9a4b0]
Event: 14.912 Thread 0x0000022537dec090 6028       2       org.springframework.beans.PropertyEditorRegistrySupport::<init> (15 bytes)
Event: 14.913 Thread 0x0000022537dec090 nmethod 6028 0x0000022525c9a588 code [0x0000022525c9a6a0, 0x0000022525c9a7b0]
Event: 14.913 Thread 0x0000022537dec090 6029       2       org.springframework.core.MethodParameter::<init> (99 bytes)
Event: 14.913 Thread 0x0000022537dec090 nmethod 6029 0x0000022525c9a888 code [0x0000022525c9a9e0, 0x0000022525c9af48]
Event: 14.914 Thread 0x0000022537dec090 6030       2       org.springframework.beans.TypeConverterDelegate::<init> (15 bytes)
Event: 14.914 Thread 0x0000022537dec090 nmethod 6030 0x0000022525c9af88 code [0x0000022525c9b0a0, 0x0000022525c9b250]
Event: 14.917 Thread 0x0000022537dec090 6031       2       java.lang.NoSuchMethodException::<init> (6 bytes)
Event: 14.917 Thread 0x0000022537dec090 nmethod 6031 0x0000022525c9b288 code [0x0000022525c9b3a0, 0x0000022525c9b4c0]
Event: 14.917 Thread 0x0000022537dec090 6032       2       org.springframework.beans.factory.annotation.InitDestroyAnnotationBeanPostProcessor::buildLifecycleMetadata (155 bytes)
Event: 14.919 Thread 0x0000022537dec090 nmethod 6032 0x0000022525c9b588 code [0x0000022525c9b780, 0x0000022525c9c230]
Event: 14.922 Thread 0x0000022537dec090 6033       3       java.lang.invoke.Invokers$Holder::linkToTargetMethod (11 bytes)
Event: 14.923 Thread 0x0000022537dec090 nmethod 6033 0x0000022525c9c308 code [0x0000022525c9c440, 0x0000022525c9c6f8]
Event: 14.924 Thread 0x0000022537dec090 6034       2       org.springframework.core.annotation.AnnotatedElementUtils$AnnotatedElementForAnnotations::getDeclaredAnnotations (11 bytes)
Event: 14.925 Thread 0x0000022537dec090 nmethod 6034 0x0000022525c9c708 code [0x0000022525c9c820, 0x0000022525c9c9b0]
Event: 14.927 Thread 0x0000022537dec090 6035   !   2       org.springframework.beans.factory.support.DefaultSingletonBeanRegistry::addSingleton (65 bytes)
Event: 14.928 Thread 0x0000022537dec090 nmethod 6035 0x0000022525c9ca08 code [0x0000022525c9cb60, 0x0000022525c9cee0]
Event: 14.930 Thread 0x0000022537dec090 6036       2       java.lang.invoke.BoundMethodHandle$Species_LL::copyWithExtendL (25 bytes)
Event: 14.931 Thread 0x0000022537dec090 nmethod 6036 0x0000022525c9cf08 code [0x0000022525c9d040, 0x0000022525c9d220]

GC Heap History (20 events):
Event: 6.840 GC heap before
{Heap before GC invocations=6 (full 0):
 garbage-first heap   total reserved 1019904K, committed 48128K, used 41373K [0x00000000c1c00000, 0x0000000100000000)
  region size 1024K, 28 young (28672K), 1 survivors (1024K)
 Metaspace       used 25739K, committed 26112K, reserved 1114112K
  class space    used 3271K, committed 3456K, reserved 1048576K
}
Event: 6.851 GC heap after
{Heap after GC invocations=7 (full 0):
 garbage-first heap   total reserved 1019904K, committed 48128K, used 16073K [0x00000000c1c00000, 0x0000000100000000)
  region size 1024K, 4 young (4096K), 4 survivors (4096K)
 Metaspace       used 25739K, committed 26112K, reserved 1114112K
  class space    used 3271K, committed 3456K, reserved 1048576K
}
Event: 8.093 GC heap before
{Heap before GC invocations=7 (full 0):
 garbage-first heap   total reserved 1019904K, committed 48128K, used 35529K [0x00000000c1c00000, 0x0000000100000000)
  region size 1024K, 24 young (24576K), 4 survivors (4096K)
 Metaspace       used 29557K, committed 30016K, reserved 1114112K
  class space    used 3777K, committed 3968K, reserved 1048576K
}
Event: 8.102 GC heap after
{Heap after GC invocations=8 (full 0):
 garbage-first heap   total reserved 1019904K, committed 48128K, used 18046K [0x00000000c1c00000, 0x0000000100000000)
  region size 1024K, 2 young (2048K), 2 survivors (2048K)
 Metaspace       used 29557K, committed 30016K, reserved 1114112K
  class space    used 3777K, committed 3968K, reserved 1048576K
}
Event: 8.915 GC heap before
{Heap before GC invocations=8 (full 0):
 garbage-first heap   total reserved 1019904K, committed 48128K, used 37502K [0x00000000c1c00000, 0x0000000100000000)
  region size 1024K, 21 young (21504K), 2 survivors (2048K)
 Metaspace       used 33832K, committed 34368K, reserved 1114112K
  class space    used 4397K, committed 4672K, reserved 1048576K
}
Event: 8.921 GC heap after
{Heap after GC invocations=9 (full 0):
 garbage-first heap   total reserved 1019904K, committed 48128K, used 19315K [0x00000000c1c00000, 0x0000000100000000)
  region size 1024K, 2 young (2048K), 2 survivors (2048K)
 Metaspace       used 33832K, committed 34368K, reserved 1114112K
  class space    used 4397K, committed 4672K, reserved 1048576K
}
Event: 9.221 GC heap before
{Heap before GC invocations=9 (full 0):
 garbage-first heap   total reserved 1019904K, committed 48128K, used 24435K [0x00000000c1c00000, 0x0000000100000000)
  region size 1024K, 9 young (9216K), 2 survivors (2048K)
 Metaspace       used 35639K, committed 36160K, reserved 1114112K
  class space    used 4705K, committed 4928K, reserved 1048576K
}
Event: 9.225 GC heap after
{Heap after GC invocations=10 (full 0):
 garbage-first heap   total reserved 1019904K, committed 48128K, used 19566K [0x00000000c1c00000, 0x0000000100000000)
  region size 1024K, 2 young (2048K), 2 survivors (2048K)
 Metaspace       used 35639K, committed 36160K, reserved 1114112K
  class space    used 4705K, committed 4928K, reserved 1048576K
}
Event: 10.696 GC heap before
{Heap before GC invocations=11 (full 0):
 garbage-first heap   total reserved 1019904K, committed 48128K, used 37998K [0x00000000c1c00000, 0x0000000100000000)
  region size 1024K, 21 young (21504K), 2 survivors (2048K)
 Metaspace       used 44595K, committed 45184K, reserved 1114112K
  class space    used 5887K, committed 6144K, reserved 1048576K
}
Event: 10.703 GC heap after
{Heap after GC invocations=12 (full 0):
 garbage-first heap   total reserved 1019904K, committed 48128K, used 21622K [0x00000000c1c00000, 0x0000000100000000)
  region size 1024K, 3 young (3072K), 3 survivors (3072K)
 Metaspace       used 44595K, committed 45184K, reserved 1114112K
  class space    used 5887K, committed 6144K, reserved 1048576K
}
Event: 11.490 GC heap before
{Heap before GC invocations=12 (full 0):
 garbage-first heap   total reserved 1019904K, committed 48128K, used 40054K [0x00000000c1c00000, 0x0000000100000000)
  region size 1024K, 22 young (22528K), 3 survivors (3072K)
 Metaspace       used 49185K, committed 49728K, reserved 1114112K
  class space    used 6478K, committed 6720K, reserved 1048576K
}
Event: 11.497 GC heap after
{Heap after GC invocations=13 (full 0):
 garbage-first heap   total reserved 1019904K, committed 48128K, used 23181K [0x00000000c1c00000, 0x0000000100000000)
  region size 1024K, 2 young (2048K), 2 survivors (2048K)
 Metaspace       used 49185K, committed 49728K, reserved 1114112K
  class space    used 6478K, committed 6720K, reserved 1048576K
}
Event: 12.304 GC heap before
{Heap before GC invocations=13 (full 0):
 garbage-first heap   total reserved 1019904K, committed 48128K, used 41613K [0x00000000c1c00000, 0x0000000100000000)
  region size 1024K, 20 young (20480K), 2 survivors (2048K)
 Metaspace       used 55452K, committed 56000K, reserved 1114112K
  class space    used 7506K, committed 7744K, reserved 1048576K
}
Event: 12.310 GC heap after
{Heap after GC invocations=14 (full 0):
 garbage-first heap   total reserved 1019904K, committed 48128K, used 24053K [0x00000000c1c00000, 0x0000000100000000)
  region size 1024K, 3 young (3072K), 3 survivors (3072K)
 Metaspace       used 55452K, committed 56000K, reserved 1114112K
  class space    used 7506K, committed 7744K, reserved 1048576K
}
Event: 13.137 GC heap before
{Heap before GC invocations=14 (full 0):
 garbage-first heap   total reserved 1019904K, committed 48128K, used 40437K [0x00000000c1c00000, 0x0000000100000000)
  region size 1024K, 20 young (20480K), 3 survivors (3072K)
 Metaspace       used 59586K, committed 60160K, reserved 1114112K
  class space    used 8086K, committed 8320K, reserved 1048576K
}
Event: 13.144 GC heap after
{Heap after GC invocations=15 (full 0):
 garbage-first heap   total reserved 1019904K, committed 48128K, used 25406K [0x00000000c1c00000, 0x0000000100000000)
  region size 1024K, 3 young (3072K), 3 survivors (3072K)
 Metaspace       used 59586K, committed 60160K, reserved 1114112K
  class space    used 8086K, committed 8320K, reserved 1048576K
}
Event: 13.231 GC heap before
{Heap before GC invocations=15 (full 0):
 garbage-first heap   total reserved 1019904K, committed 48128K, used 26430K [0x00000000c1c00000, 0x0000000100000000)
  region size 1024K, 5 young (5120K), 3 survivors (3072K)
 Metaspace       used 60053K, committed 60608K, reserved 1114112K
  class space    used 8134K, committed 8384K, reserved 1048576K
}
Event: 13.236 GC heap after
{Heap after GC invocations=16 (full 0):
 garbage-first heap   total reserved 1019904K, committed 48128K, used 25671K [0x00000000c1c00000, 0x0000000100000000)
  region size 1024K, 2 young (2048K), 2 survivors (2048K)
 Metaspace       used 60053K, committed 60608K, reserved 1114112K
  class space    used 8134K, committed 8384K, reserved 1048576K
}
Event: 13.926 GC heap before
{Heap before GC invocations=17 (full 0):
 garbage-first heap   total reserved 1019904K, committed 48128K, used 42055K [0x00000000c1c00000, 0x0000000100000000)
  region size 1024K, 18 young (18432K), 2 survivors (2048K)
 Metaspace       used 62462K, committed 63104K, reserved 1114112K
  class space    used 8547K, committed 8832K, reserved 1048576K
}
Event: 13.935 GC heap after
{Heap after GC invocations=18 (full 0):
 garbage-first heap   total reserved 1019904K, committed 58368K, used 27317K [0x00000000c1c00000, 0x0000000100000000)
  region size 1024K, 3 young (3072K), 3 survivors (3072K)
 Metaspace       used 62462K, committed 63104K, reserved 1114112K
  class space    used 8547K, committed 8832K, reserved 1048576K
}

Dll operation events (14 events):
Event: 0.024 Loaded shared library C:\Program Files\Java\jdk-23\bin\java.dll
Event: 0.081 Loaded shared library C:\Program Files\Java\jdk-23\bin\jsvml.dll
Event: 0.361 Loaded shared library C:\Program Files\Java\jdk-23\bin\zip.dll
Event: 0.367 Loaded shared library C:\Program Files\Java\jdk-23\bin\instrument.dll
Event: 0.380 Loaded shared library C:\Program Files\Java\jdk-23\bin\net.dll
Event: 0.385 Loaded shared library C:\Program Files\Java\jdk-23\bin\nio.dll
Event: 0.393 Loaded shared library C:\Program Files\Java\jdk-23\bin\zip.dll
Event: 0.752 Loaded shared library C:\Program Files\JetBrains\IntelliJ IDEA Community Edition 2024.2.3\bin\breakgen64.dll
Event: 0.773 Loaded shared library C:\Program Files\Java\jdk-23\bin\extnet.dll
Event: 0.953 Loaded shared library C:\Program Files\Java\jdk-23\bin\jimage.dll
Event: 1.954 Loaded shared library C:\Program Files\Java\jdk-23\bin\management.dll
Event: 1.958 Loaded shared library C:\Program Files\Java\jdk-23\bin\management_ext.dll
Event: 4.317 Loaded shared library C:\Program Files\Java\jdk-23\bin\sunmscapi.dll
Event: 9.041 Loaded shared library C:\Program Files\Java\jdk-23\bin\verify.dll

Deoptimization events (20 events):
Event: 13.846 Thread 0x0000022537ddf400 DEOPT PACKING pc=0x000002252d09c360 sp=0x0000006c5f0fdd30
Event: 13.846 Thread 0x0000022537ddf400 DEOPT UNPACKING pc=0x000002252ca54402 sp=0x0000006c5f0fdd38 mode 2
Event: 13.848 Thread 0x0000022537ddf400 Uncommon trap: trap_request=0xffffffc6 fr.pc=0x000002252d09c360 relative=0x0000000000000d40
Event: 13.848 Thread 0x0000022537ddf400 Uncommon trap: reason=bimorphic_or_optimized_type_check action=maybe_recompile pc=0x000002252d09c360 method=org.springframework.core.annotation.AnnotationsScanner.processClassHierarchy(Ljava/lang/Object;[ILjava/lang/Class;Lorg/springframework/core/annotat
Event: 13.848 Thread 0x0000022537ddf400 DEOPT PACKING pc=0x000002252d09c360 sp=0x0000006c5f0fdd30
Event: 13.848 Thread 0x0000022537ddf400 DEOPT UNPACKING pc=0x000002252ca54402 sp=0x0000006c5f0fdd38 mode 2
Event: 13.898 Thread 0x0000022537ddf400 Uncommon trap: trap_request=0xffffff45 fr.pc=0x000002252d0cc400 relative=0x00000000000043e0
Event: 13.898 Thread 0x0000022537ddf400 Uncommon trap: reason=unstable_if action=reinterpret pc=0x000002252d0cc400 method=org.springframework.beans.factory.support.AbstractBeanFactory.isTypeMatch(Ljava/lang/String;Lorg/springframework/core/ResolvableType;Z)Z @ 35 c2
Event: 13.898 Thread 0x0000022537ddf400 DEOPT PACKING pc=0x000002252d0cc400 sp=0x0000006c5f0fe090
Event: 13.898 Thread 0x0000022537ddf400 DEOPT UNPACKING pc=0x000002252ca54402 sp=0x0000006c5f0fe040 mode 2
Event: 14.494 Thread 0x0000022537ddf400 Uncommon trap: trap_request=0xffffff45 fr.pc=0x000002252d0f33f0 relative=0x00000000000008d0
Event: 14.494 Thread 0x0000022537ddf400 Uncommon trap: reason=unstable_if action=reinterpret pc=0x000002252d0f33f0 method=org.springframework.beans.factory.support.DefaultSingletonBeanRegistry.getSingleton(Ljava/lang/String;Z)Ljava/lang/Object; @ 39 c2
Event: 14.494 Thread 0x0000022537ddf400 DEOPT PACKING pc=0x000002252d0f33f0 sp=0x0000006c5f0fe1b0
Event: 14.494 Thread 0x0000022537ddf400 DEOPT UNPACKING pc=0x000002252ca54402 sp=0x0000006c5f0fe148 mode 2
Event: 14.666 Thread 0x0000022537ddf400 Uncommon trap: trap_request=0xfffffff4 fr.pc=0x000002252d0bc178 relative=0x00000000000002b8
Event: 14.666 Thread 0x0000022537ddf400 Uncommon trap: reason=null_check action=make_not_entrant pc=0x000002252d0bc178 method=org.springframework.util.ClassUtils.isAssignable(Ljava/lang/Class;Ljava/lang/Class;)Z @ 14 c2
Event: 14.666 Thread 0x0000022537ddf400 DEOPT PACKING pc=0x000002252d0bc178 sp=0x0000006c5f0fe630
Event: 14.666 Thread 0x0000022537ddf400 DEOPT UNPACKING pc=0x000002252ca54402 sp=0x0000006c5f0fe5c0 mode 2
Event: 14.846 Thread 0x0000022537ddf400 DEOPT PACKING pc=0x0000022525acad58 sp=0x0000006c5f0fe6b0
Event: 14.847 Thread 0x0000022537ddf400 DEOPT UNPACKING pc=0x000002252ca54b22 sp=0x0000006c5f0fdb68 mode 0

Classes loaded (20 events):
Event: 13.531 Loading class jdk/internal/access/JavaxCryptoSealedObjectAccess
Event: 13.531 Loading class jdk/internal/access/JavaxCryptoSealedObjectAccess done
Event: 13.531 Loading class jdk/internal/access/JavaxSecurityAccess
Event: 13.531 Loading class jdk/internal/access/JavaxSecurityAccess done
Event: 13.533 Loading class jdk/internal/reflect/ConstantPool$Tag
Event: 13.533 Loading class jdk/internal/reflect/ConstantPool$Tag done
Event: 13.537 Loading class java/util/regex/Pattern$Behind
Event: 13.537 Loading class java/util/regex/Pattern$Behind done
Event: 13.585 Loading class java/time/DurationEditor
Event: 13.585 Loading class java/time/DurationEditor done
Event: 13.810 Loading class java/util/regex/PatternSyntaxException
Event: 13.811 Loading class java/util/regex/PatternSyntaxException done
Event: 13.823 Loading class java/util/Comparators$NullComparator
Event: 13.824 Loading class java/util/Comparators$NullComparator done
Event: 13.992 Loading class java/util/EnumMap$EntrySet
Event: 13.992 Loading class java/util/EnumMap$EntrySet done
Event: 13.992 Loading class java/util/EnumMap$EntryIterator
Event: 13.993 Loading class java/util/EnumMap$EnumMapIterator
Event: 13.993 Loading class java/util/EnumMap$EnumMapIterator done
Event: 13.993 Loading class java/util/EnumMap$EntryIterator done

Classes unloaded (0 events):
No events

Classes redefined (0 events):
No events

Internal exceptions (20 events):
Event: 12.506 Thread 0x0000022537ddf400 Exception <a 'java/lang/NoSuchMethodError'{0x00000000c453f868}: 'java.lang.Object java.lang.invoke.DirectMethodHandle$Holder.newInvokeSpecial(java.lang.Object, java.lang.Object, java.lang.Object, java.lang.Object, java.lang.Object, java.lang.Object, java.lang.Object, java.lang.Object, java.lang.Object, java.lang.Object, java.lang.Object, java.lang.Object)'> (0x00000000c453f868) 
thrown [s\open\src\hotspot\share\interpreter\linkResolver.cpp, line 796]
Event: 12.507 Thread 0x0000022537ddf400 Exception <a 'java/lang/NoSuchMethodError'{0x00000000c4548760}: 'java.lang.Object java.lang.invoke.Invokers$Holder.linkToTargetMethod(java.lang.Object, java.lang.Object, java.lang.Object, java.lang.Object, java.lang.Object, java.lang.Object, java.lang.Object, java.lang.Object, java.lang.Object, java.lang.Object, java.lang.Object, java.lang.Object)'> (0x00000000c4548760) 
thrown [s\open\src\hotspot\share\interpreter\linkResolver.cpp, line 796]
Event: 12.557 Thread 0x0000022537ddf400 Exception <a 'java/lang/IncompatibleClassChangeError'{0x00000000c44ae040}: Found class java.lang.Object, but interface was expected> (0x00000000c44ae040) 
thrown [s\open\src\hotspot\share\interpreter\linkResolver.cpp, line 863]
Event: 12.559 Thread 0x0000022537ddf400 Exception <a 'java/lang/NoSuchMethodError'{0x00000000c44b9c30}: 'java.lang.Object java.lang.invoke.DirectMethodHandle$Holder.newInvokeSpecial(java.lang.Object, java.lang.Object, java.lang.Object, java.lang.Object, java.lang.Object, java.lang.Object)'> (0x00000000c44b9c30) 
thrown [s\open\src\hotspot\share\interpreter\linkResolver.cpp, line 796]
Event: 12.573 Thread 0x0000022537ddf400 Exception <a 'java/lang/NoSuchMethodError'{0x00000000c431ae60}: 'java.lang.Object java.lang.invoke.DirectMethodHandle$Holder.newInvokeSpecial(java.lang.Object, java.lang.Object, java.lang.Object, java.lang.Object, java.lang.Object, java.lang.Object, java.lang.Object, int)'> (0x00000000c431ae60) 
thrown [s\open\src\hotspot\share\interpreter\linkResolver.cpp, line 796]
Event: 12.573 Thread 0x0000022537ddf400 Exception <a 'java/lang/NoSuchMethodError'{0x00000000c431f3c0}: 'java.lang.Object java.lang.invoke.DirectMethodHandle$Holder.invokeSpecial(java.lang.Object, java.lang.Object, java.lang.Object, java.lang.Object, java.lang.Object, java.lang.Object, java.lang.Object, java.lang.Object, int)'> (0x00000000c431f3c0) 
thrown [s\open\src\hotspot\share\interpreter\linkResolver.cpp, line 796]
Event: 12.573 Thread 0x0000022537ddf400 Exception <a 'java/lang/NoSuchMethodError'{0x00000000c43233a8}: 'java.lang.Object java.lang.invoke.Invokers$Holder.linkToTargetMethod(java.lang.Object, java.lang.Object, java.lang.Object, java.lang.Object, java.lang.Object, java.lang.Object, int, java.lang.Object)'> (0x00000000c43233a8) 
thrown [s\open\src\hotspot\share\interpreter\linkResolver.cpp, line 796]
Event: 12.600 Thread 0x0000022537ddf400 Exception <a 'java/lang/NoSuchMethodError'{0x00000000c43d81a8}: 'void java.lang.invoke.DirectMethodHandle$Holder.invokeInterface(java.lang.Object, java.lang.Object)'> (0x00000000c43d81a8) 
thrown [s\open\src\hotspot\share\interpreter\linkResolver.cpp, line 796]
Event: 12.932 Thread 0x0000022537ddf400 Exception <a 'java/lang/NoSuchMethodError'{0x00000000c3f7a578}: 'void java.lang.invoke.Invokers$Holder.invokeExact_MT(java.lang.Object, java.lang.Object, java.lang.Object, java.lang.Object)'> (0x00000000c3f7a578) 
thrown [s\open\src\hotspot\share\interpreter\linkResolver.cpp, line 796]
Event: 13.054 Thread 0x0000022537ddf400 Exception <a 'java/lang/IncompatibleClassChangeError'{0x00000000c3a006f8}: Found class java.lang.Object, but interface was expected> (0x00000000c3a006f8) 
thrown [s\open\src\hotspot\share\interpreter\linkResolver.cpp, line 863]
Event: 13.073 Thread 0x0000022537ddf400 Exception <a 'java/lang/IncompatibleClassChangeError'{0x00000000c3a79748}: Found class java.lang.Object, but interface was expected> (0x00000000c3a79748) 
thrown [s\open\src\hotspot\share\interpreter\linkResolver.cpp, line 863]
Event: 13.201 Thread 0x0000022537ddf400 Exception <a 'java/lang/IncompatibleClassChangeError'{0x00000000c5bd8440}: Found class java.lang.Object, but interface was expected> (0x00000000c5bd8440) 
thrown [s\open\src\hotspot\share\interpreter\linkResolver.cpp, line 863]
Event: 13.439 Thread 0x0000022537ddf400 Exception <a 'java/lang/IncompatibleClassChangeError'{0x00000000c432d7e0}: Found class java.lang.Object, but interface was expected> (0x00000000c432d7e0) 
thrown [s\open\src\hotspot\share\interpreter\linkResolver.cpp, line 863]
Event: 13.531 Thread 0x0000022537ddf400 Exception <a 'java/lang/NoSuchMethodError'{0x00000000c41ceec8}: 'java.lang.Object java.lang.invoke.Invokers$Holder.invoker(java.lang.Object, java.lang.Object, java.lang.Object, java.lang.Object)'> (0x00000000c41ceec8) 
thrown [s\open\src\hotspot\share\interpreter\linkResolver.cpp, line 796]
Event: 13.636 Thread 0x0000022537ddf400 Exception <a 'java/lang/NoSuchMethodError'{0x00000000c3e45b08}: 'java.lang.Object java.lang.invoke.DirectMethodHandle$Holder.newInvokeSpecial(java.lang.Object, java.lang.Object, java.lang.Object, java.lang.Object, java.lang.Object, java.lang.Object, java.lang.Object, java.lang.Object)'> (0x00000000c3e45b08) 
thrown [s\open\src\hotspot\share\interpreter\linkResolver.cpp, line 796]
Event: 14.110 Thread 0x0000022537ddf400 Exception <a 'java/lang/IncompatibleClassChangeError'{0x00000000c500b150}: Found class java.lang.Object, but interface was expected> (0x00000000c500b150) 
thrown [s\open\src\hotspot\share\interpreter\linkResolver.cpp, line 863]
Event: 14.248 Thread 0x0000022537ddf400 Exception <a 'java/lang/NoSuchMethodError'{0x00000000c4fa4440}: 'void java.lang.invoke.DirectMethodHandle$Holder.invokeVirtual(java.lang.Object, java.lang.Object, long)'> (0x00000000c4fa4440) 
thrown [s\open\src\hotspot\share\interpreter\linkResolver.cpp, line 796]
Event: 14.443 Thread 0x0000022537ddf400 Exception <a 'java/lang/NoSuchMethodError'{0x00000000c4cc20c8}: 'int java.lang.invoke.DirectMethodHandle$Holder.invokeStaticInit(java.lang.Object, java.lang.Object, java.lang.Object, java.lang.Object)'> (0x00000000c4cc20c8) 
thrown [s\open\src\hotspot\share\interpreter\linkResolver.cpp, line 796]
Event: 14.603 Thread 0x0000022537ddf400 Exception <a 'java/lang/IncompatibleClassChangeError'{0x00000000c4b83cb0}: Found class java.lang.Object, but interface was expected> (0x00000000c4b83cb0) 
thrown [s\open\src\hotspot\share\interpreter\linkResolver.cpp, line 863]
Event: 14.666 Thread 0x0000022537ddf400 Implicit null exception at 0x000002252d0bbeeb to 0x000002252d0bc164

VM Operations (20 events):
Event: 13.302 Executing VM operation: G1PauseRemark
Event: 13.308 Executing VM operation: G1PauseRemark done
Event: 13.331 Executing VM operation: G1PauseCleanup
Event: 13.331 Executing VM operation: G1PauseCleanup done
Event: 13.384 Executing VM operation: HandshakeAllThreads (Deoptimize)
Event: 13.384 Executing VM operation: HandshakeAllThreads (Deoptimize) done
Event: 13.458 Executing VM operation: HandshakeAllThreads (Deoptimize)
Event: 13.458 Executing VM operation: HandshakeAllThreads (Deoptimize) done
Event: 13.459 Executing VM operation: HandshakeAllThreads (Deoptimize)
Event: 13.459 Executing VM operation: HandshakeAllThreads (Deoptimize) done
Event: 13.701 Executing VM operation: HandshakeAllThreads (Deoptimize)
Event: 13.701 Executing VM operation: HandshakeAllThreads (Deoptimize) done
Event: 13.781 Executing VM operation: HandshakeAllThreads (Deoptimize)
Event: 13.781 Executing VM operation: HandshakeAllThreads (Deoptimize) done
Event: 13.853 Executing VM operation: HandshakeAllThreads (Deoptimize)
Event: 13.853 Executing VM operation: HandshakeAllThreads (Deoptimize) done
Event: 13.926 Executing VM operation: G1CollectForAllocation (G1 Evacuation Pause)
Event: 13.935 Executing VM operation: G1CollectForAllocation (G1 Evacuation Pause) done
Event: 14.307 Executing VM operation: HandshakeAllThreads (Deoptimize)
Event: 14.307 Executing VM operation: HandshakeAllThreads (Deoptimize) done

Memory protections (0 events):
No events

Nmethod flushes (20 events):
Event: 13.306 Thread 0x000002251ce57c60 flushing  nmethod 0x0000022525940d88
Event: 13.306 Thread 0x000002251ce57c60 flushing  nmethod 0x000002252598a408
Event: 13.306 Thread 0x000002251ce57c60 flushing  nmethod 0x00000225259f0a88
Event: 13.306 Thread 0x000002251ce57c60 flushing  nmethod 0x00000225259f0f08
Event: 13.306 Thread 0x000002251ce57c60 flushing  nmethod 0x0000022525a5af08
Event: 13.306 Thread 0x000002251ce57c60 flushing  nmethod 0x0000022525a5b508
Event: 13.306 Thread 0x000002251ce57c60 flushing  nmethod 0x0000022525a5b908
Event: 13.306 Thread 0x000002251ce57c60 flushing  nmethod 0x0000022525a5bc08
Event: 13.306 Thread 0x000002251ce57c60 flushing  nmethod 0x0000022525a5d008
Event: 13.307 Thread 0x000002251ce57c60 flushing  nmethod 0x0000022525a74f88
Event: 13.307 Thread 0x000002251ce57c60 flushing  nmethod 0x0000022525aa2508
Event: 13.307 Thread 0x000002251ce57c60 flushing  nmethod 0x0000022525aa2b08
Event: 13.307 Thread 0x000002251ce57c60 flushing  nmethod 0x0000022525ac7b08
Event: 13.307 Thread 0x000002251ce57c60 flushing  nmethod 0x0000022525ac8308
Event: 13.307 Thread 0x000002251ce57c60 flushing  nmethod 0x0000022525acae88
Event: 13.307 Thread 0x000002251ce57c60 flushing  nmethod 0x0000022525acb288
Event: 13.307 Thread 0x000002251ce57c60 flushing  nmethod 0x0000022525acd308
Event: 13.307 Thread 0x000002251ce57c60 flushing  nmethod 0x0000022525ad9c08
Event: 13.307 Thread 0x000002251ce57c60 flushing  nmethod 0x0000022525afa588
Event: 13.307 Thread 0x000002251ce57c60 flushing  nmethod 0x0000022525afbd88

Events (20 events):
Event: 0.077 Thread 0x000002251cd98120 Thread added: 0x0000022537dd8490
Event: 0.077 Thread 0x000002251cd98120 Thread added: 0x0000022537ddcf10
Event: 0.077 Thread 0x000002251cd98120 Thread added: 0x0000022537dded70
Event: 0.077 Thread 0x000002251cd98120 Thread added: 0x0000022537de75b0
Event: 0.077 Thread 0x000002251cd98120 Thread added: 0x0000022537dec090
Event: 0.300 Thread 0x000002251cd98120 Thread added: 0x0000022537de0e40
Event: 0.753 Thread 0x000002251cd98120 Thread added: 0x0000022537ddd9c0
Event: 0.754 Thread 0x000002251cd98120 Thread added: 0x0000022537dde050
Event: 2.069 Thread 0x000002251cd98120 Thread added: 0x0000022537dde6e0
Event: 2.075 Thread 0x0000022537dde6e0 Thread added: 0x0000022537ddf400
Event: 3.000 Thread 0x0000022537ddf400 Thread added: 0x0000022537ddfa90
Event: 4.134 Thread 0x0000022537ddf400 Thread added: 0x0000022537de07b0
Event: 4.322 Thread 0x0000022537de07b0 Thread exited: 0x0000022537de07b0
Event: 4.326 Thread 0x0000022537ddfa90 Thread exited: 0x0000022537ddfa90
Event: 8.272 Thread 0x0000022537ddf400 Thread added: 0x000002257f31e180
Event: 8.273 Thread 0x000002257f31e180 Thread added: 0x000002257f31ad00
Event: 8.280 Thread 0x0000022537ddf400 Thread added: 0x000002257f317880
Event: 8.320 Thread 0x0000022537ddf400 Thread added: 0x000002257f31b390
Event: 10.526 Thread 0x0000022537ddf400 Thread added: 0x000002257f3185a0
Event: 10.640 Thread 0x000002257f3185a0 Thread added: 0x000002257f319fe0


Dynamic libraries:
0x00007ff6b94b0000 - 0x00007ff6b94c0000 	C:\Program Files\Java\jdk-23\bin\java.exe
0x00007ff972270000 - 0x00007ff972468000 	C:\Windows\SYSTEM32\ntdll.dll
0x00007ff971c50000 - 0x00007ff971d12000 	C:\Windows\System32\KERNEL32.DLL
0x00007ff96fc50000 - 0x00007ff96ff4e000 	C:\Windows\System32\KERNELBASE.dll
0x00007ff970070000 - 0x00007ff970170000 	C:\Windows\System32\ucrtbase.dll
0x00007ff968330000 - 0x00007ff96834b000 	C:\Program Files\Java\jdk-23\bin\VCRUNTIME140.dll
0x00007ff968310000 - 0x00007ff968327000 	C:\Program Files\Java\jdk-23\bin\jli.dll
0x00007ff972090000 - 0x00007ff97222d000 	C:\Windows\System32\USER32.dll
0x00007ff970040000 - 0x00007ff970062000 	C:\Windows\System32\win32u.dll
0x00007ff949770000 - 0x00007ff949a0a000 	C:\Windows\WinSxS\amd64_microsoft.windows.common-controls_6595b64144ccf1df_6.0.19041.4355_none_60b8b9eb71f62e16\COMCTL32.dll
0x00007ff9719d0000 - 0x00007ff9719fb000 	C:\Windows\System32\GDI32.dll
0x00007ff970170000 - 0x00007ff970287000 	C:\Windows\System32\gdi32full.dll
0x00007ff970620000 - 0x00007ff9706be000 	C:\Windows\System32\msvcrt.dll
0x00007ff96ffa0000 - 0x00007ff97003d000 	C:\Windows\System32\msvcp_win.dll
0x00007ff9703a0000 - 0x00007ff9703cf000 	C:\Windows\System32\IMM32.DLL
0x00007ff9681b0000 - 0x00007ff9681bc000 	C:\Program Files\Java\jdk-23\bin\vcruntime140_1.dll
0x00007ff94dba0000 - 0x00007ff94dc2e000 	C:\Program Files\Java\jdk-23\bin\msvcp140.dll
0x00007ff938a70000 - 0x00007ff9397bf000 	C:\Program Files\Java\jdk-23\bin\server\jvm.dll
0x00007ff971b90000 - 0x00007ff971c42000 	C:\Windows\System32\ADVAPI32.dll
0x00007ff970e30000 - 0x00007ff970ed0000 	C:\Windows\System32\sechost.dll
0x00007ff971260000 - 0x00007ff971383000 	C:\Windows\System32\RPCRT4.dll
0x00007ff96fc20000 - 0x00007ff96fc47000 	C:\Windows\System32\bcrypt.dll
0x00007ff970ed0000 - 0x00007ff970f3b000 	C:\Windows\System32\WS2_32.dll
0x00007ff96f770000 - 0x00007ff96f7bb000 	C:\Windows\SYSTEM32\POWRPROF.dll
0x00007ff958ce0000 - 0x00007ff958d07000 	C:\Windows\SYSTEM32\WINMM.dll
0x00007ff969650000 - 0x00007ff96965a000 	C:\Windows\SYSTEM32\VERSION.dll
0x00007ff96f750000 - 0x00007ff96f762000 	C:\Windows\SYSTEM32\UMPDC.dll
0x00007ff96e0f0000 - 0x00007ff96e102000 	C:\Windows\SYSTEM32\kernel.appcore.dll
0x00007ff968150000 - 0x00007ff96815a000 	C:\Program Files\Java\jdk-23\bin\jimage.dll
0x00007ff969460000 - 0x00007ff969644000 	C:\Windows\SYSTEM32\DBGHELP.DLL
0x00007ff9674b0000 - 0x00007ff9674e4000 	C:\Windows\SYSTEM32\dbgcore.DLL
0x00007ff96fa70000 - 0x00007ff96faf2000 	C:\Windows\System32\bcryptPrimitives.dll
0x00007ff9680c0000 - 0x00007ff9680cf000 	C:\Program Files\Java\jdk-23\bin\instrument.dll
0x00007ff967540000 - 0x00007ff96755e000 	C:\Program Files\Java\jdk-23\bin\java.dll
0x00007ff971390000 - 0x00007ff9714bb000 	C:\Windows\System32\ole32.dll
0x00007ff971d20000 - 0x00007ff972073000 	C:\Windows\System32\combase.dll
0x00007ff9706c0000 - 0x00007ff970e2f000 	C:\Windows\System32\SHELL32.dll
0x00007ff96d7e0000 - 0x00007ff96df84000 	C:\Windows\SYSTEM32\windows.storage.dll
0x00007ff96f270000 - 0x00007ff96f29e000 	C:\Windows\SYSTEM32\Wldp.dll
0x00007ff970550000 - 0x00007ff97061d000 	C:\Windows\System32\OLEAUT32.dll
0x00007ff971a00000 - 0x00007ff971aad000 	C:\Windows\System32\SHCORE.dll
0x00007ff971b30000 - 0x00007ff971b85000 	C:\Windows\System32\shlwapi.dll
0x00007ff96f840000 - 0x00007ff96f864000 	C:\Windows\SYSTEM32\profapi.dll
0x00007ff94ca60000 - 0x00007ff94cb37000 	C:\Program Files\Java\jdk-23\bin\jsvml.dll
0x00007ff9652b0000 - 0x00007ff9652c7000 	C:\Program Files\Java\jdk-23\bin\zip.dll
0x00007ff968140000 - 0x00007ff968150000 	C:\Program Files\Java\jdk-23\bin\net.dll
0x00007ff96efd0000 - 0x00007ff96f03a000 	C:\Windows\system32\mswsock.dll
0x00007ff965300000 - 0x00007ff965316000 	C:\Program Files\Java\jdk-23\bin\nio.dll
0x00007ff964690000 - 0x00007ff9646aa000 	C:\Program Files\JetBrains\IntelliJ IDEA Community Edition 2024.2.3\bin\breakgen64.dll
0x00007ff968030000 - 0x00007ff968039000 	C:\Program Files\Java\jdk-23\bin\extnet.dll
0x00007ff967e70000 - 0x00007ff967e7a000 	C:\Program Files\Java\jdk-23\bin\management.dll
0x00007ff967510000 - 0x00007ff96751b000 	C:\Program Files\Java\jdk-23\bin\management_ext.dll
0x00007ff972080000 - 0x00007ff972088000 	C:\Windows\System32\PSAPI.DLL
0x00007ff965c90000 - 0x00007ff965c9e000 	C:\Program Files\Java\jdk-23\bin\sunmscapi.dll
0x00007ff96f910000 - 0x00007ff96fa6c000 	C:\Windows\System32\CRYPT32.dll
0x00007ff96f2e0000 - 0x00007ff96f307000 	C:\Windows\SYSTEM32\ncrypt.dll
0x00007ff96f2a0000 - 0x00007ff96f2db000 	C:\Windows\SYSTEM32\NTASN1.dll
0x00007ff96f1d0000 - 0x00007ff96f1e8000 	C:\Windows\SYSTEM32\CRYPTSP.dll
0x00007ff96e8b0000 - 0x00007ff96e8e4000 	C:\Windows\system32\rsaenh.dll
0x00007ff96f7c0000 - 0x00007ff96f7ee000 	C:\Windows\SYSTEM32\USERENV.dll
0x00007ff96f1c0000 - 0x00007ff96f1cc000 	C:\Windows\SYSTEM32\CRYPTBASE.dll
0x00007ff96ec80000 - 0x00007ff96ecbb000 	C:\Windows\SYSTEM32\IPHLPAPI.DLL
0x00007ff970390000 - 0x00007ff970398000 	C:\Windows\System32\NSI.dll
0x00007ff965630000 - 0x00007ff965640000 	C:\Program Files\Java\jdk-23\bin\verify.dll
0x00007ff96ecc0000 - 0x00007ff96ed8a000 	C:\Windows\SYSTEM32\DNSAPI.dll
0x00007ff962f80000 - 0x00007ff962f8a000 	C:\Windows\System32\rasadhlp.dll
0x00007ff963690000 - 0x00007ff963710000 	C:\Windows\System32\fwpuclnt.dll
0x00007ff9691e0000 - 0x00007ff9691e7000 	C:\Windows\system32\wshunix.dll

dbghelp: loaded successfully - version: 4.0.5 - missing functions: none
symbol engine: initialized successfully - sym options: 0x614 - pdb path: .;C:\Program Files\Java\jdk-23\bin;C:\Windows\SYSTEM32;C:\Windows\WinSxS\amd64_microsoft.windows.common-controls_6595b64144ccf1df_6.0.19041.4355_none_60b8b9eb71f62e16;C:\Program Files\Java\jdk-23\bin\server;C:\Program Files\JetBrains\IntelliJ IDEA Community Edition 2024.2.3\bin

VM Arguments:
jvm_args: -javaagent:C:\Program Files\JetBrains\IntelliJ IDEA Community Edition 2024.2.3\lib\idea_rt.jar=53751:C:\Program Files\JetBrains\IntelliJ IDEA Community Edition 2024.2.3\bin -Dfile.encoding=UTF-8 -Dsun.stdout.encoding=UTF-8 -Dsun.stderr.encoding=UTF-8 
java_command: com.crm.CrmApplication
java_class_path (initial): C:\Users\anshu\Desktop\API CRM\crm\target\classes;C:\Users\anshu\.m2\repository\org\springframework\boot\spring-boot-starter-data-jpa\3.3.5\spring-boot-starter-data-jpa-3.3.5.jar;C:\Users\anshu\.m2\repository\org\springframework\boot\spring-boot-starter-aop\3.3.5\spring-boot-starter-aop-3.3.5.jar;C:\Users\anshu\.m2\repository\org\springframework\spring-aop\6.1.14\spring-aop-6.1.14.jar;C:\Users\anshu\.m2\repository\org\aspectj\aspectjweaver\1.9.22.1\aspectjweaver-1.9.22.1.jar;C:\Users\anshu\.m2\repository\org\springframework\boot\spring-boot-starter-jdbc\3.3.5\spring-boot-starter-jdbc-3.3.5.jar;C:\Users\anshu\.m2\repository\com\zaxxer\HikariCP\5.1.0\HikariCP-5.1.0.jar;C:\Users\anshu\.m2\repository\org\springframework\spring-jdbc\6.1.14\spring-jdbc-6.1.14.jar;C:\Users\anshu\.m2\repository\org\hibernate\orm\hibernate-core\6.5.3.Final\hibernate-core-6.5.3.Final.jar;C:\Users\anshu\.m2\repository\jakarta\persistence\jakarta.persistence-api\3.1.0\jakarta.persistence-api-3.1.0.jar;C:\Users\anshu\.m2\repository\jakarta\transaction\jakarta.transaction-api\2.0.1\jakarta.transaction-api-2.0.1.jar;C:\Users\anshu\.m2\repository\org\jboss\logging\jboss-logging\3.5.3.Final\jboss-logging-3.5.3.Final.jar;C:\Users\anshu\.m2\repository\org\hibernate\common\hibernate-commons-annotations\6.0.6.Final\hibernate-commons-annotations-6.0.6.Final.jar;C:\Users\anshu\.m2\repository\io\smallrye\jandex\3.1.2\jandex-3.1.2.jar;C:\Users\anshu\.m2\repository\com\fasterxml\classmate\1.7.0\classmate-1.7.0.jar;C:\Users\anshu\.m2\repository\net\bytebuddy\byte-buddy\1.14.19\byte-buddy-1.14.19.jar;C:\Users\anshu\.m2\repository\org\glassfish\jaxb\jaxb-runtime\4.0.5\jaxb-runtime-4.0.5.jar;C:\Users\anshu\.m2\repository\org\glassfish\jaxb\jaxb-core\4.0.5\jaxb-core-4.0.5.jar;C:\Users\anshu\.m2\repository\org\eclipse\angus\angus-activation\2.0.2\angus-activation-2.0.2.jar;C:\Users\anshu\.m2\repository\org\glassfish\jaxb\txw2\4.0.5\txw2-4.0.5.jar;C:\Users\anshu\.m2\repository\com\sun\istack\istack-commons-runtime\4.1.2\istack-commons-runtime-4.1.2.jar;C:\Users\anshu\.m2\repository\jakarta\inject\jakarta.inject-api\2.0.1\jakarta.inject-api-2.0.1.jar;C:\Users\anshu\.m2\repository\org\antlr\antlr4-runtime\4.13.0\antlr4-runtime-4.13.0.jar;C:\Users\anshu\.m2\repository\org\springframework\data\spring-data-jpa\3.3.5\spring-data-jpa-3.3.5.jar;C:\Users\anshu\.m2\repository\org\springframework\data\spring-data-commons\3.3.5\spring-data-commons-3.3.5.jar;C:\Users\anshu\.m2\repository\org\springframework\spring-orm\6.1.14\spring-orm-6.1.14.jar;C:\Users\anshu\.m2\repository\org\springframework\spring-context\6.1.14\spring-context-6.1.14.jar;C:\Users\anshu\.m2\repository\org\springframework\spring-tx\6.1.14\spring-tx-6.1.14.jar;C:\Users\anshu\.m2\repository\org\springframework\spring-beans\6.1.14\spring-beans-6.1.14.jar;C:\Users\anshu\.m2\repository\jakarta\annotation\jakarta.annotation-api\2.1.1\jakarta.annotation-api-2.1.1.jar;C:\Users\anshu\.m2\repository\org\slf4j\slf4j-api\2.0.16\slf4j-api-2.0.16.jar;C:\Users\anshu\.m2\repository\org\springframework\spring-aspects\6.1.14\spring-aspects-6.1.14.jar;C:\Users\anshu\.m2\repository\org\springframework\boot\spring-boot-starter-web\3.3.5\spring-boot-starter-web-3.3.5.jar;C:\Users\anshu\.m2\repository\org\springframework\boot\spring-boot-starter\3.3.5\spring-boot-starter-3.3.5.jar;C:\Users\anshu\.m2\repository\org\springframework\boot\spring-boot-starter-logging\3.3.5\spring-boot-starter-logging-3.3.5.jar;C:\Users\anshu\.m2\repository\ch\qos\logback\logback-classic\1.5.11\logback-classic-1.5.11.jar;C:\Users\anshu\.m2\repository\ch\qos\logback\logback-core\1.5.11\logback-core-1.5.11.jar;C:\Users\anshu\.m2\repository\org\apache\logging\log4j\log4j-to-slf4j\2.23.1\log4j-to-slf4j-2.23.1.jar;C:\Users\anshu\.m2\repository\org\apache\logging\log4j\log4j-api\2.23.1\log4j-api-2.23.1.jar;C:\Users\anshu\.m2\repository\org\slf4j\jul-to-slf4j\2.0.16\jul-to-slf4j-2.0.16.jar;C:\Users\anshu\.m2\repository\org\yaml\snakeyaml\2.2\snakeyaml-2.2.jar;C:\Users\anshu\.m2\repository\org\springframework\boot\spring-boot-starter-json\3.3.5\spring-boot-starter-json-3.3.5.jar;C:\Users\anshu\.m2\repository\com\fasterxml\jackson\core\jackson-databind\2.17.2\jackson-databind-2.17.2.jar;C:\Users\anshu\.m2\repository\com\fasterxml\jackson\core\jackson-annotations\2.17.2\jackson-annotations-2.17.2.jar;C:\Users\anshu\.m2\repository\com\fasterxml\jackson\core\jackson-core\2.17.2\jackson-core-2.17.2.jar;C:\Users\anshu\.m2\repository\com\fasterxml\jackson\datatype\jackson-datatype-jdk8\2.17.2\jackson-datatype-jdk8-2.17.2.jar;C:\Users\anshu\.m2\repository\com\fasterxml\jackson\datatype\jackson-datatype-jsr310\2.17.2\jackson-datatype-jsr310-2.17.2.jar;C:\Users\anshu\.m2\repository\com\fasterxml\jackson\module\jackson-module-parameter-names\2.17.2\jackson-module-parameter-names-2.17.2.jar;C:\Users\anshu\.m2\repository\org\springframework\boot\spring-boot-starter-tomcat\3.3.5\spring-boot-starter-tomcat-3.3.5.jar;C:\Users\anshu\.m2\repository\org\apache\tomcat\embed\tomcat-embed-core\10.1.31\tomcat-embed-core-10.1.31.jar;C:\Users\anshu\.m2\repository\org\apache\tomcat\embed\tomcat-embed-el\10.1.31\tomcat-embed-el-10.1.31.jar;C:\Users\anshu\.m2\repository\org\apache\tomcat\embed\tomcat-embed-websocket\10.1.31\tomcat-embed-websocket-10.1.31.jar;C:\Users\anshu\.m2\repository\org\springframework\spring-web\6.1.14\spring-web-6.1.14.jar;C:\Users\anshu\.m2\repository\io\micrometer\micrometer-observation\1.13.6\micrometer-observation-1.13.6.jar;C:\Users\anshu\.m2\repository\io\micrometer\micrometer-commons\1.13.6\micrometer-commons-1.13.6.jar;C:\Users\anshu\.m2\repository\org\springframework\spring-webmvc\6.1.14\spring-webmvc-6.1.14.jar;C:\Users\anshu\.m2\repository\org\springframework\spring-expression\6.1.14\spring-expression-6.1.14.jar;C:\Users\anshu\.m2\repository\org\springframework\boot\spring-boot-devtools\3.3.5\spring-boot-devtools-3.3.5.jar;C:\Users\anshu\.m2\repository\org\springframework\boot\spring-boot\3.3.5\spring-boot-3.3.5.jar;C:\Users\anshu\.m2\repository\org\springframework\boot\spring-boot-autoconfigure\3.3.5\spring-boot-autoconfigure-3.3.5.jar;C:\Users\anshu\.m2\repository\com\mysql\mysql-connector-j\8.3.0\mysql-connector-j-8.3.0.jar;C:\Users\anshu\.m2\repository\org\projectlombok\lombok\1.18.34\lombok-1.18.34.jar;C:\Users\anshu\.m2\repository\jakarta\xml\bind\jakarta.xml.bind-api\4.0.2\jakarta.xml.bind-api-4.0.2.jar;C:\Users\anshu\.m2\repository\jakarta\activation\jakarta.activation-api\2.1.3\jakarta.activation-api-2.1.3.jar;C:\Users\anshu\.m2\repository\org\springframework\spring-core\6.1.14\spring-core-6.1.14.jar;C:\Users\anshu\.m2\repository\org\springframework\spring-jcl\6.1.14\spring-jcl-6.1.14.jar;C:\Users\anshu\.m2\repository\org\modelmapper\modelmapper\3.1.0\modelmapper-3.1.0.jar
Launcher Type: SUN_STANDARD

[Global flags]
     intx CICompilerCount                          = 3                                         {product} {ergonomic}
     uint ConcGCThreads                            = 1                                         {product} {ergonomic}
     uint G1ConcRefinementThreads                  = 4                                         {product} {ergonomic}
   size_t G1HeapRegionSize                         = 1048576                                   {product} {ergonomic}
   size_t InitialHeapSize                          = 67108864                                  {product} {ergonomic}
   size_t MarkStackSize                            = 4194304                                   {product} {ergonomic}
   size_t MarkStackSizeMax                         = 536870912                                 {product} {ergonomic}
   size_t MaxHeapSize                              = 1044381696                                {product} {ergonomic}
   size_t MaxNewSize                               = 625999872                                 {product} {ergonomic}
   size_t MinHeapDeltaBytes                        = 1048576                                   {product} {ergonomic}
   size_t MinHeapSize                              = 8388608                                   {product} {ergonomic}
    uintx NonNMethodCodeHeapSize                   = 5832704                                {pd product} {ergonomic}
    uintx NonProfiledCodeHeapSize                  = 122945536                              {pd product} {ergonomic}
     bool PerfDisableSharedMem                     = true                                      {product} {ergonomic}
    uintx ProfiledCodeHeapSize                     = 122880000                              {pd product} {ergonomic}
    uintx ReservedCodeCacheSize                    = 251658240                              {pd product} {ergonomic}
     bool SegmentedCodeCache                       = true                                      {product} {ergonomic}
   size_t SoftMaxHeapSize                          = 1044381696                             {manageable} {ergonomic}
     bool UseCompressedOops                        = true                           {product lp64_product} {ergonomic}
     bool UseG1GC                                  = true                                      {product} {ergonomic}
     bool UseLargePagesIndividualAllocation        = false                                  {pd product} {ergonomic}

Logging:
Log output configuration:
 #0: stdout all=warning uptime,level,tags foldmultilines=false
 #1: stderr all=off uptime,level,tags foldmultilines=false

Environment Variables:
PATH=C:\Program Files\Eclipse Adoptium\jdk-21.0.3.9-hotspot\bin;C:\Program Files\Common Files\Oracle\Java\javapath;C:\Program Files (x86)\Common Files\Oracle\Java\java8path;C:\Program Files (x86)\Common Files\Oracle\Java\javapath;C:\Program Files\OpenLogic\jdk-17.0.11.9-hotspot\bin;C:\Windows\system32;C:\Windows;C:\Windows\System32\Wbem;C:\Windows\System32\WindowsPowerShell\v1.0\;C:\Windows\System32\OpenSSH\;C:\Program Files\MySQL\MySQL Shell 8.0\bin\;C:\Users\anshu\AppData\Local\Programs\Python\Python311\Scripts\;C:\Users\anshu\AppData\Local\Programs\Python\Python311\;C:\Users\anshu\AppData\Local\Microsoft\WindowsApps;;C:\Program Files\JetBrains\IntelliJ IDEA 2024.1.4\bin;;C:\Program Files\JetBrains\IntelliJ IDEA Community Edition 2024.2.3\bin;
USERNAME=anshu
OS=Windows_NT
PROCESSOR_IDENTIFIER=Intel64 Family 6 Model 142 Stepping 9, GenuineIntel
TMP=C:\Users\anshu\AppData\Local\Temp
TEMP=C:\Users\anshu\AppData\Local\Temp




Periodic native trim disabled

---------------  S Y S T E M  ---------------

OS:
 Windows 10 , 64 bit Build 19041 (10.0.19041.4957)
OS uptime: 8 days 0:48 hours
Hyper-V role detected

CPU: total 4 (initial active 4) (2 cores per cpu, 2 threads per core) family 6 model 142 stepping 9 microcode 0xb4, cx8, cmov, fxsr, ht, mmx, 3dnowpref, sse, sse2, sse3, ssse3, sse4.1, sse4.2, popcnt, lzcnt, tsc, tscinvbit, avx, avx2, aes, erms, clmul, bmi1, bmi2, adx, fma, vzeroupper, clflush, clflushopt, hv, rdtscp, f16c
Processor Information for the first 4 processors :
  Max Mhz: 2400, Current Mhz: 2400, Mhz Limit: 2400

Memory: 4k page, system-wide physical 3983M (234M free)
TotalPageFile size 16271M (AvailPageFile size 4M)
current process WorkingSet (physical memory assigned to process): 213M, peak: 220M
current process commit charge ("private bytes"): 270M, peak: 270M

vm_info: Java HotSpot(TM) 64-Bit Server VM (23+37-2369) for windows-amd64 JRE (23+37-2369), built on 2024-08-20T16:01:23Z with MS VC++ 17.6 (VS2022)

END.
